2024-04-27T10:03:28.707+06:00  INFO 18324 --- [main] com.example.exam8.Exam8Application       : Starting Exam8Application using Java 21 with PID 18324 (C:\Users\NOTEBURG\Desktop\exam8\target\classes started by NOTEBURG in C:\Users\NOTEBURG\Desktop\exam8)
2024-04-27T10:03:28.730+06:00  INFO 18324 --- [main] com.example.exam8.Exam8Application       : No active profile set, falling back to 1 default profile: "default"
2024-04-27T10:03:36.242+06:00  INFO 18324 --- [main] o.s.b.w.embedded.tomcat.TomcatWebServer  : Tomcat initialized with port 8089 (http)
2024-04-27T10:03:36.301+06:00  INFO 18324 --- [main] o.apache.catalina.core.StandardService   : Starting service [Tomcat]
2024-04-27T10:03:36.302+06:00  INFO 18324 --- [main] o.apache.catalina.core.StandardEngine    : Starting Servlet engine: [Apache Tomcat/10.1.20]
2024-04-27T10:03:36.689+06:00  INFO 18324 --- [main] o.a.c.c.C.[Tomcat].[localhost].[/]       : Initializing Spring embedded WebApplicationContext
2024-04-27T10:03:36.692+06:00  INFO 18324 --- [main] w.s.c.ServletWebServerApplicationContext : Root WebApplicationContext: initialization completed in 7628 ms
2024-04-27T10:03:40.062+06:00  WARN 18324 --- [main] o.s.b.a.f.FreeMarkerAutoConfiguration    : Cannot find template location(s): [classpath:/templates/] (please add some templates, check your FreeMarker configuration, or set spring.freemarker.check-template-location=false)
2024-04-27T10:03:40.621+06:00  INFO 18324 --- [main] com.zaxxer.hikari.HikariDataSource       : HikariPool-1 - Starting...
2024-04-27T10:03:47.128+06:00  INFO 18324 --- [main] com.zaxxer.hikari.pool.HikariPool        : HikariPool-1 - Added connection conn1: url=jdbc:h2:./db/demo user=ROOT
2024-04-27T10:03:47.134+06:00  INFO 18324 --- [main] com.zaxxer.hikari.HikariDataSource       : HikariPool-1 - Start completed.
2024-04-27T10:03:47.461+06:00  INFO 18324 --- [main] liquibase.database                       : Set default schema name to PUBLIC
2024-04-27T10:03:48.554+06:00  INFO 18324 --- [main] liquibase.changelog                      : Reading resource: db/changelog/initial/001_create_user_table.yaml
2024-04-27T10:03:48.586+06:00  INFO 18324 --- [main] liquibase.changelog                      : Reading resource: db/changelog/initial/002_create_categories_table.yaml
2024-04-27T10:03:48.597+06:00  INFO 18324 --- [main] liquibase.changelog                      : Reading resource: db/changelog/initial/003_create_resumes_table.yaml
2024-04-27T10:03:48.612+06:00  INFO 18324 --- [main] liquibase.changelog                      : Reading resource: db/changelog/initial/004_create_vacancies_table.yaml
2024-04-27T10:03:48.648+06:00  INFO 18324 --- [main] liquibase.changelog                      : Reading resource: db/changelog/initial/005_create_contact_types_table.yaml
2024-04-27T10:03:48.665+06:00  INFO 18324 --- [main] liquibase.changelog                      : Reading resource: db/changelog/initial/006_create_contacts_info_tables.yaml
2024-04-27T10:03:48.676+06:00  INFO 18324 --- [main] liquibase.changelog                      : Reading resource: db/changelog/initial/007_create_messages_table.yaml
2024-04-27T10:03:48.690+06:00  INFO 18324 --- [main] liquibase.changelog                      : Reading resource: db/changelog/initial/008_create_responded_applicants_table.yaml
2024-04-27T10:03:48.707+06:00  INFO 18324 --- [main] liquibase.changelog                      : Reading resource: db/changelog/initial/009_create_education_info_table.yaml
2024-04-27T10:03:48.741+06:00  INFO 18324 --- [main] liquibase.changelog                      : Reading resource: db/changelog/initial/010_create_work_experience_info_table.yaml
2024-04-27T10:03:48.755+06:00  INFO 18324 --- [main] liquibase.changelog                      : Reading resource: db/changelog/initial/011_create_foreign_keys.yaml
2024-04-27T10:03:48.788+06:00  INFO 18324 --- [main] liquibase.changelog                      : Reading resource: db/changelog/initial/012_insert_data.sql
2024-04-27T10:03:48.809+06:00  INFO 18324 --- [main] liquibase.changelog                      : Reading resource: db/changelog/initial/013_create_table_authorities.yaml
2024-04-27T10:03:48.819+06:00  INFO 18324 --- [main] liquibase.changelog                      : Reading resource: db/changelog/initial/014_update_user_table.yaml
2024-04-27T10:03:48.829+06:00  INFO 18324 --- [main] liquibase.changelog                      : Reading resource: db/changelog/initial/015_create_tables_roles_for_users.yaml
2024-04-27T10:03:48.838+06:00  INFO 18324 --- [main] liquibase.changelog                      : Reading resource: db/changelog/initial/016_new_insert_data.sql
2024-04-27T10:03:48.850+06:00  INFO 18324 --- [main] liquibase.changelog                      : Reading resource: db/changelog/initial/017_create_chat_table.yaml
2024-04-27T10:03:49.021+06:00  INFO 18324 --- [main] liquibase.changelog                      : Creating database history table with name: PUBLIC.DATABASECHANGELOG
2024-04-27T10:03:49.294+06:00  INFO 18324 --- [main] liquibase.changelog                      : Reading from PUBLIC.DATABASECHANGELOG
2024-04-27T10:03:49.753+06:00  INFO 18324 --- [main] liquibase.lockservice                    : Successfully acquired change log lock
2024-04-27T10:03:49.760+06:00  INFO 18324 --- [main] liquibase.command                        : Using deploymentId: 4190629759
2024-04-27T10:03:49.768+06:00  INFO 18324 --- [main] liquibase.changelog                      : Reading from PUBLIC.DATABASECHANGELOG
2024-04-27T10:03:50.099+06:00  INFO 18324 --- [main] liquibase.ui                             : Running Changeset: db/changelog/initial/001_create_user_table.yaml::create table for Users::Argen
2024-04-27T10:03:50.144+06:00  INFO 18324 --- [main] liquibase.changelog                      : Table users created
2024-04-27T10:03:50.147+06:00  INFO 18324 --- [main] liquibase.changelog                      : ChangeSet db/changelog/initial/001_create_user_table.yaml::create table for Users::Argen ran successfully in 36ms
2024-04-27T10:03:50.178+06:00  INFO 18324 --- [main] liquibase.ui                             : Running Changeset: db/changelog/initial/002_create_categories_table.yaml::create table for categories::Argen
2024-04-27T10:03:50.194+06:00  INFO 18324 --- [main] liquibase.changelog                      : Table categories created
2024-04-27T10:03:50.195+06:00  INFO 18324 --- [main] liquibase.changelog                      : ChangeSet db/changelog/initial/002_create_categories_table.yaml::create table for categories::Argen ran successfully in 16ms
2024-04-27T10:03:50.223+06:00  INFO 18324 --- [main] liquibase.ui                             : Running Changeset: db/changelog/initial/003_create_resumes_table.yaml::create table for resumes::Argen
2024-04-27T10:03:50.248+06:00  INFO 18324 --- [main] liquibase.changelog                      : Table resumes created
2024-04-27T10:03:50.250+06:00  INFO 18324 --- [main] liquibase.changelog                      : ChangeSet db/changelog/initial/003_create_resumes_table.yaml::create table for resumes::Argen ran successfully in 26ms
2024-04-27T10:03:50.268+06:00  INFO 18324 --- [main] liquibase.ui                             : Running Changeset: db/changelog/initial/004_create_vacancies_table.yaml::create table for vacancies::Argen
2024-04-27T10:03:50.283+06:00  INFO 18324 --- [main] liquibase.changelog                      : Table vacancies created
2024-04-27T10:03:50.285+06:00  INFO 18324 --- [main] liquibase.changelog                      : ChangeSet db/changelog/initial/004_create_vacancies_table.yaml::create table for vacancies::Argen ran successfully in 16ms
2024-04-27T10:03:50.297+06:00  INFO 18324 --- [main] liquibase.ui                             : Running Changeset: db/changelog/initial/005_create_contact_types_table.yaml::create table for contact_types::Argen
2024-04-27T10:03:50.319+06:00  INFO 18324 --- [main] liquibase.changelog                      : Table contact_types created
2024-04-27T10:03:50.321+06:00  INFO 18324 --- [main] liquibase.changelog                      : ChangeSet db/changelog/initial/005_create_contact_types_table.yaml::create table for contact_types::Argen ran successfully in 23ms
2024-04-27T10:03:50.345+06:00  INFO 18324 --- [main] liquibase.ui                             : Running Changeset: db/changelog/initial/006_create_contacts_info_tables.yaml::create table for contacts_info::Argen
2024-04-27T10:03:50.364+06:00  INFO 18324 --- [main] liquibase.changelog                      : Table contacts_info created
2024-04-27T10:03:50.365+06:00  INFO 18324 --- [main] liquibase.changelog                      : ChangeSet db/changelog/initial/006_create_contacts_info_tables.yaml::create table for contacts_info::Argen ran successfully in 19ms
2024-04-27T10:03:50.377+06:00  INFO 18324 --- [main] liquibase.ui                             : Running Changeset: db/changelog/initial/007_create_messages_table.yaml::create table for messages::Argen
2024-04-27T10:03:50.389+06:00  INFO 18324 --- [main] liquibase.changelog                      : Table messages created
2024-04-27T10:03:50.392+06:00  INFO 18324 --- [main] liquibase.changelog                      : ChangeSet db/changelog/initial/007_create_messages_table.yaml::create table for messages::Argen ran successfully in 13ms
2024-04-27T10:03:50.415+06:00  INFO 18324 --- [main] liquibase.ui                             : Running Changeset: db/changelog/initial/008_create_responded_applicants_table.yaml::create table for responded_applicants::Argen
2024-04-27T10:03:50.430+06:00  INFO 18324 --- [main] liquibase.changelog                      : Table responded_applicants created
2024-04-27T10:03:50.432+06:00  INFO 18324 --- [main] liquibase.changelog                      : ChangeSet db/changelog/initial/008_create_responded_applicants_table.yaml::create table for responded_applicants::Argen ran successfully in 16ms
2024-04-27T10:03:50.451+06:00  INFO 18324 --- [main] liquibase.ui                             : Running Changeset: db/changelog/initial/009_create_education_info_table.yaml::create table for education_info::Argen
2024-04-27T10:03:50.461+06:00  INFO 18324 --- [main] liquibase.changelog                      : Table education_info created
2024-04-27T10:03:50.462+06:00  INFO 18324 --- [main] liquibase.changelog                      : ChangeSet db/changelog/initial/009_create_education_info_table.yaml::create table for education_info::Argen ran successfully in 10ms
2024-04-27T10:03:50.472+06:00  INFO 18324 --- [main] liquibase.ui                             : Running Changeset: db/changelog/initial/010_create_work_experience_info_table.yaml::create table for work_experience_info::Argen
2024-04-27T10:03:50.486+06:00  INFO 18324 --- [main] liquibase.changelog                      : Table work_experience_info created
2024-04-27T10:03:50.488+06:00  INFO 18324 --- [main] liquibase.changelog                      : ChangeSet db/changelog/initial/010_create_work_experience_info_table.yaml::create table for work_experience_info::Argen ran successfully in 15ms
2024-04-27T10:03:50.514+06:00  INFO 18324 --- [main] liquibase.ui                             : Running Changeset: db/changelog/initial/011_create_foreign_keys.yaml::create foreign keys for tables::Argen
2024-04-27T10:03:50.549+06:00  INFO 18324 --- [main] liquibase.changelog                      : Foreign key constraint added to categories (parent_id)
2024-04-27T10:03:50.565+06:00  INFO 18324 --- [main] liquibase.changelog                      : Foreign key constraint added to vacancies (category_id)
2024-04-27T10:03:50.581+06:00  INFO 18324 --- [main] liquibase.changelog                      : Foreign key constraint added to vacancies (author_id)
2024-04-27T10:03:50.593+06:00  INFO 18324 --- [main] liquibase.changelog                      : Foreign key constraint added to work_experience_info (resume_id)
2024-04-27T10:03:50.603+06:00  INFO 18324 --- [main] liquibase.changelog                      : Foreign key constraint added to resumes (applicant_id)
2024-04-27T10:03:50.614+06:00  INFO 18324 --- [main] liquibase.changelog                      : Foreign key constraint added to resumes (category_id)
2024-04-27T10:03:50.643+06:00  INFO 18324 --- [main] liquibase.changelog                      : Foreign key constraint added to responded_applicants (resume_id)
2024-04-27T10:03:50.660+06:00  INFO 18324 --- [main] liquibase.changelog                      : Foreign key constraint added to responded_applicants (vacancy_id)
2024-04-27T10:03:50.673+06:00  INFO 18324 --- [main] liquibase.changelog                      : Foreign key constraint added to messages (responded_applicants)
2024-04-27T10:03:50.686+06:00  INFO 18324 --- [main] liquibase.changelog                      : Foreign key constraint added to education_info (resume_id)
2024-04-27T10:03:50.696+06:00  INFO 18324 --- [main] liquibase.changelog                      : Foreign key constraint added to contacts_info (resume_id)
2024-04-27T10:03:50.709+06:00  INFO 18324 --- [main] liquibase.changelog                      : Foreign key constraint added to contacts_info (type_id)
2024-04-27T10:03:50.710+06:00  INFO 18324 --- [main] liquibase.changelog                      : ChangeSet db/changelog/initial/011_create_foreign_keys.yaml::create foreign keys for tables::Argen ran successfully in 195ms
2024-04-27T10:03:50.722+06:00  INFO 18324 --- [main] liquibase.ui                             : Running Changeset: db/changelog/initial/012_insert_data.sql::raw::includeAll
2024-04-27T10:03:50.775+06:00  INFO 18324 --- [main] liquibase.changelog                      : Custom SQL executed
2024-04-27T10:03:50.778+06:00  INFO 18324 --- [main] liquibase.changelog                      : ChangeSet db/changelog/initial/012_insert_data.sql::raw::includeAll ran successfully in 53ms
2024-04-27T10:03:50.818+06:00  INFO 18324 --- [main] liquibase.ui                             : Running Changeset: db/changelog/initial/013_create_table_authorities.yaml::create authorities::Argen
2024-04-27T10:03:50.829+06:00  INFO 18324 --- [main] liquibase.changelog                      : Table authorities created
2024-04-27T10:03:50.830+06:00  INFO 18324 --- [main] liquibase.changelog                      : ChangeSet db/changelog/initial/013_create_table_authorities.yaml::create authorities::Argen ran successfully in 11ms
2024-04-27T10:03:50.844+06:00  INFO 18324 --- [main] liquibase.ui                             : Running Changeset: db/changelog/initial/014_update_user_table.yaml::Update table USERS::Argen
2024-04-27T10:03:50.930+06:00  INFO 18324 --- [main] liquibase.changelog                      : Columns enabled(boolean) added to USERS
2024-04-27T10:03:50.933+06:00  INFO 18324 --- [main] liquibase.changelog                      : ChangeSet db/changelog/initial/014_update_user_table.yaml::Update table USERS::Argen ran successfully in 87ms
2024-04-27T10:03:50.945+06:00  INFO 18324 --- [main] liquibase.ui                             : Running Changeset: db/changelog/initial/015_create_tables_roles_for_users.yaml::Create table USER_AUTHORITY::Argen
2024-04-27T10:03:50.968+06:00  INFO 18324 --- [main] liquibase.changelog                      : Table user_role created
2024-04-27T10:03:50.969+06:00  INFO 18324 --- [main] liquibase.changelog                      : ChangeSet db/changelog/initial/015_create_tables_roles_for_users.yaml::Create table USER_AUTHORITY::Argen ran successfully in 22ms
2024-04-27T10:03:50.983+06:00  INFO 18324 --- [main] liquibase.ui                             : Running Changeset: db/changelog/initial/016_new_insert_data.sql::raw::includeAll
2024-04-27T10:03:51.340+06:00  INFO 18324 --- [main] liquibase.changelog                      : Custom SQL executed
2024-04-27T10:03:51.351+06:00  INFO 18324 --- [main] liquibase.changelog                      : ChangeSet db/changelog/initial/016_new_insert_data.sql::raw::includeAll ran successfully in 366ms
2024-04-27T10:03:51.372+06:00  INFO 18324 --- [main] liquibase.ui                             : Running Changeset: db/changelog/initial/017_create_chat_table.yaml::create chat::Argen
2024-04-27T10:03:51.395+06:00  INFO 18324 --- [main] liquibase.changelog                      : Table chats created
2024-04-27T10:03:51.396+06:00  INFO 18324 --- [main] liquibase.changelog                      : ChangeSet db/changelog/initial/017_create_chat_table.yaml::create chat::Argen ran successfully in 23ms
2024-04-27T10:03:51.422+06:00  INFO 18324 --- [main] liquibase.util                           : UPDATE SUMMARY
2024-04-27T10:03:51.422+06:00  INFO 18324 --- [main] liquibase.util                           : Run:                         17
2024-04-27T10:03:51.422+06:00  INFO 18324 --- [main] liquibase.util                           : Previously run:               0
2024-04-27T10:03:51.422+06:00  INFO 18324 --- [main] liquibase.util                           : Filtered out:                 0
2024-04-27T10:03:51.423+06:00  INFO 18324 --- [main] liquibase.util                           : -------------------------------
2024-04-27T10:03:51.423+06:00  INFO 18324 --- [main] liquibase.util                           : Total change sets:           17
2024-04-27T10:03:51.425+06:00  INFO 18324 --- [main] liquibase.util                           : Update summary generated
2024-04-27T10:03:51.435+06:00  INFO 18324 --- [main] liquibase.command                        : Update command completed successfully.
2024-04-27T10:03:51.436+06:00  INFO 18324 --- [main] liquibase.ui                             : Liquibase: Update has been successful. Rows affected: 37
2024-04-27T10:03:51.443+06:00  INFO 18324 --- [main] liquibase.lockservice                    : Successfully released change log lock
2024-04-27T10:03:51.444+06:00  INFO 18324 --- [main] liquibase.command                        : Command execution complete
2024-04-27T10:03:51.720+06:00  WARN 18324 --- [main] .s.s.UserDetailsServiceAutoConfiguration : 

Using generated security password: fb2978ec-63e3-4e1f-9657-3560a769d84e

This generated password is for development use only. Your security configuration must be updated before running your application in production.

2024-04-27T10:03:52.243+06:00  INFO 18324 --- [main] o.s.s.web.DefaultSecurityFilterChain     : Will secure any request with [org.springframework.security.web.session.DisableEncodeUrlFilter@393bcd6b, org.springframework.security.web.context.request.async.WebAsyncManagerIntegrationFilter@64a8d575, org.springframework.security.web.context.SecurityContextHolderFilter@508b4f70, org.springframework.security.web.header.HeaderWriterFilter@44e4cf8a, org.springframework.web.filter.CorsFilter@74787609, org.springframework.security.web.csrf.CsrfFilter@52b891de, org.springframework.security.web.authentication.logout.LogoutFilter@2e7e84f8, org.springframework.security.web.authentication.UsernamePasswordAuthenticationFilter@5730b513, org.springframework.security.web.authentication.ui.DefaultLoginPageGeneratingFilter@348bd063, org.springframework.security.web.authentication.ui.DefaultLogoutPageGeneratingFilter@36cdcae0, org.springframework.security.web.authentication.www.BasicAuthenticationFilter@71458178, org.springframework.security.web.savedrequest.RequestCacheAwareFilter@7af56b26, org.springframework.security.web.servletapi.SecurityContextHolderAwareRequestFilter@c86c486, org.springframework.security.web.authentication.AnonymousAuthenticationFilter@51fa09c7, org.springframework.security.web.access.ExceptionTranslationFilter@42fa5cb, org.springframework.security.web.access.intercept.AuthorizationFilter@75784062]
2024-04-27T10:03:52.448+06:00  INFO 18324 --- [main] o.s.b.w.embedded.tomcat.TomcatWebServer  : Tomcat started on port 8089 (http) with context path ''
2024-04-27T10:03:52.500+06:00  INFO 18324 --- [main] com.example.exam8.Exam8Application       : Started Exam8Application in 27.49 seconds (process running for 32.771)
2024-04-27T10:06:15.669+06:00  INFO 18324 --- [SpringApplicationShutdownHook] com.zaxxer.hikari.HikariDataSource       : HikariPool-1 - Shutdown initiated...
2024-04-27T10:06:15.724+06:00  INFO 18324 --- [SpringApplicationShutdownHook] com.zaxxer.hikari.HikariDataSource       : HikariPool-1 - Shutdown completed.
